2022-03-02 08:33:07,865; CustomPocket.decorators; DEBUG; 66; handlerWrapper ; notify method created: CreatePocketCommandCreatedHandler
2022-03-02 08:33:07,871; CustomPocket.decorators; DEBUG; 103; handlerWrapper ; 
{'run': [HandlerContext(handler=<__main__C%3A%2FUsers%2FDad%2FAppData%2FRoaming%2FAutodesk%2FAutodesk%20Fusion%20360%2FAPI%2FAddIns%2FcustomPocket%2FCustomPocket_py.decorators._Handler; proxy of <Swig Object of type 'adsk::core::CommandCreatedEventHandler *' at 0x0000018EE90951E0> >, event=<adsk.core.CommandCreatedEvent; proxy of <Swig Object of type 'adsk::core::Ptr< adsk::core::CommandCreatedEvent > *' at 0x0000018EE9095BD0> >)]}
2022-03-02 08:33:07,877; CustomPocket.decorators; DEBUG; 66; handlerWrapper ; notify method created: EditPocketCommandCreatedHandler
2022-03-02 08:33:07,883; CustomPocket.decorators; DEBUG; 103; handlerWrapper ; 
{'run': [HandlerContext(handler=<__main__C%3A%2FUsers%2FDad%2FAppData%2FRoaming%2FAutodesk%2FAutodesk%20Fusion%20360%2FAPI%2FAddIns%2FcustomPocket%2FCustomPocket_py.decorators._Handler; proxy of <Swig Object of type 'adsk::core::CommandCreatedEventHandler *' at 0x0000018EE90951E0> >, event=<adsk.core.CommandCreatedEvent; proxy of <Swig Object of type 'adsk::core::Ptr< adsk::core::CommandCreatedEvent > *' at 0x0000018EE9095BD0> >),
         HandlerContext(handler=<__main__C%3A%2FUsers%2FDad%2FAppData%2FRoaming%2FAutodesk%2FAutodesk%20Fusion%20360%2FAPI%2FAddIns%2FcustomPocket%2FCustomPocket_py.decorators._Handler; proxy of <Swig Object of type 'adsk::core::CommandCreatedEventHandler *' at 0x0000018EE9095660> >, event=<adsk.core.CommandCreatedEvent; proxy of <Swig Object of type 'adsk::core::Ptr< adsk::core::CommandCreatedEvent > *' at 0x0000018EE9095A20> >)]}
2022-03-02 08:33:07,889; CustomPocket.decorators; DEBUG; 66; handlerWrapper ; notify method created: ComputeCustomFeature
2022-03-02 08:33:07,896; CustomPocket.decorators; DEBUG; 103; handlerWrapper ; 
{'run': [HandlerContext(handler=<__main__C%3A%2FUsers%2FDad%2FAppData%2FRoaming%2FAutodesk%2FAutodesk%20Fusion%20360%2FAPI%2FAddIns%2FcustomPocket%2FCustomPocket_py.decorators._Handler; proxy of <Swig Object of type 'adsk::core::CommandCreatedEventHandler *' at 0x0000018EE90951E0> >, event=<adsk.core.CommandCreatedEvent; proxy of <Swig Object of type 'adsk::core::Ptr< adsk::core::CommandCreatedEvent > *' at 0x0000018EE9095BD0> >),
         HandlerContext(handler=<__main__C%3A%2FUsers%2FDad%2FAppData%2FRoaming%2FAutodesk%2FAutodesk%20Fusion%20360%2FAPI%2FAddIns%2FcustomPocket%2FCustomPocket_py.decorators._Handler; proxy of <Swig Object of type 'adsk::core::CommandCreatedEventHandler *' at 0x0000018EE9095660> >, event=<adsk.core.CommandCreatedEvent; proxy of <Swig Object of type 'adsk::core::Ptr< adsk::core::CommandCreatedEvent > *' at 0x0000018EE9095A20> >),
         HandlerContext(handler=<__main__C%3A%2FUsers%2FDad%2FAppData%2FRoaming%2FAutodesk%2FAutodesk%20Fusion%20360%2FAPI%2FAddIns%2FcustomPocket%2FCustomPocket_py.decorators._Handler; proxy of <Swig Object of type 'adsk::fusion::CustomFeatureEventHandler *' at 0x0000018EE90F9330> >, event=<adsk.fusion.CustomFeatureEvent; proxy of <Swig Object of type 'adsk::core::Ptr< adsk::fusion::CustomFeatureEvent > *' at 0x0000018EE9095B70> >)]}
2022-03-02 08:33:17,516; CustomPocket.decorators; DEBUG; 89; notify ; CreatePocketCommandCreatedHandler handler notified: CommandCreated
2022-03-02 08:33:17,522; CustomPocket.decorators; DEBUG; 90; notify ; self._disabled = False 
2022-03-02 08:33:17,528; CustomPocket.decorators; DEBUG; 66; handlerWrapper ; notify method created: ExecutePreviewHandler
2022-03-02 08:33:17,534; CustomPocket.decorators; DEBUG; 103; handlerWrapper ; 
{'CreatePocketCommandCreatedHandler': [HandlerContext(handler=<__main__C%3A%2FUsers%2FDad%2FAppData%2FRoaming%2FAutodesk%2FAutodesk%20Fusion%20360%2FAPI%2FAddIns%2FcustomPocket%2FCustomPocket_py.decorators._Handler; proxy of <Swig Object of type 'adsk::core::CommandEventHandler *' at 0x0000018EE90F9300> >, event=<adsk.core.CommandEvent; proxy of <Swig Object of type 'adsk::core::Ptr< adsk::core::CommandEvent > *' at 0x0000018EE90F9540> >)],
 'run': [HandlerContext(handler=<__main__C%3A%2FUsers%2FDad%2FAppData%2FRoaming%2FAutodesk%2FAutodesk%20Fusion%20360%2FAPI%2FAddIns%2FcustomPocket%2FCustomPocket_py.decorators._Handler; proxy of <Swig Object of type 'adsk::core::CommandCreatedEventHandler *' at 0x0000018EE90951E0> >, event=<adsk.core.CommandCreatedEvent; proxy of <Swig Object of type 'adsk::core::Ptr< adsk::core::CommandCreatedEvent > *' at 0x0000018EE9095BD0> >),
         HandlerContext(handler=<__main__C%3A%2FUsers%2FDad%2FAppData%2FRoaming%2FAutodesk%2FAutodesk%20Fusion%20360%2FAPI%2FAddIns%2FcustomPocket%2FCustomPocket_py.decorators._Handler; proxy of <Swig Object of type 'adsk::core::CommandCreatedEventHandler *' at 0x0000018EE9095660> >, event=<adsk.core.CommandCreatedEvent; proxy of <Swig Object of type 'adsk::core::Ptr< adsk::core::CommandCreatedEvent > *' at 0x0000018EE9095A20> >),
         HandlerContext(handler=<__main__C%3A%2FUsers%2FDad%2FAppData%2FRoaming%2FAutodesk%2FAutodesk%20Fusion%20360%2FAPI%2FAddIns%2FcustomPocket%2FCustomPocket_py.decorators._Handler; proxy of <Swig Object of type 'adsk::fusion::CustomFeatureEventHandler *' at 0x0000018EE90F9330> >, event=<adsk.fusion.CustomFeatureEvent; proxy of <Swig Object of type 'adsk::core::Ptr< adsk::fusion::CustomFeatureEvent > *' at 0x0000018EE9095B70> >)]}
2022-03-02 08:33:17,540; CustomPocket.decorators; DEBUG; 66; handlerWrapper ; notify method created: CreateExecuteHandler
2022-03-02 08:33:17,546; CustomPocket.decorators; DEBUG; 103; handlerWrapper ; 
{'CreatePocketCommandCreatedHandler': [HandlerContext(handler=<__main__C%3A%2FUsers%2FDad%2FAppData%2FRoaming%2FAutodesk%2FAutodesk%20Fusion%20360%2FAPI%2FAddIns%2FcustomPocket%2FCustomPocket_py.decorators._Handler; proxy of <Swig Object of type 'adsk::core::CommandEventHandler *' at 0x0000018EE90F9300> >, event=<adsk.core.CommandEvent; proxy of <Swig Object of type 'adsk::core::Ptr< adsk::core::CommandEvent > *' at 0x0000018EE90F9540> >),
                                       HandlerContext(handler=<__main__C%3A%2FUsers%2FDad%2FAppData%2FRoaming%2FAutodesk%2FAutodesk%20Fusion%20360%2FAPI%2FAddIns%2FcustomPocket%2FCustomPocket_py.decorators._Handler; proxy of <Swig Object of type 'adsk::core::CommandEventHandler *' at 0x0000018EE90F94B0> >, event=<adsk.core.CommandEvent; proxy of <Swig Object of type 'adsk::core::Ptr< adsk::core::CommandEvent > *' at 0x0000018EE90F91B0> >)],
 'run': [HandlerContext(handler=<__main__C%3A%2FUsers%2FDad%2FAppData%2FRoaming%2FAutodesk%2FAutodesk%20Fusion%20360%2FAPI%2FAddIns%2FcustomPocket%2FCustomPocket_py.decorators._Handler; proxy of <Swig Object of type 'adsk::core::CommandCreatedEventHandler *' at 0x0000018EE90951E0> >, event=<adsk.core.CommandCreatedEvent; proxy of <Swig Object of type 'adsk::core::Ptr< adsk::core::CommandCreatedEvent > *' at 0x0000018EE9095BD0> >),
         HandlerContext(handler=<__main__C%3A%2FUsers%2FDad%2FAppData%2FRoaming%2FAutodesk%2FAutodesk%20Fusion%20360%2FAPI%2FAddIns%2FcustomPocket%2FCustomPocket_py.decorators._Handler; proxy of <Swig Object of type 'adsk::core::CommandCreatedEventHandler *' at 0x0000018EE9095660> >, event=<adsk.core.CommandCreatedEvent; proxy of <Swig Object of type 'adsk::core::Ptr< adsk::core::CommandCreatedEvent > *' at 0x0000018EE9095A20> >),
         HandlerContext(handler=<__main__C%3A%2FUsers%2FDad%2FAppData%2FRoaming%2FAutodesk%2FAutodesk%20Fusion%20360%2FAPI%2FAddIns%2FcustomPocket%2FCustomPocket_py.decorators._Handler; proxy of <Swig Object of type 'adsk::fusion::CustomFeatureEventHandler *' at 0x0000018EE90F9330> >, event=<adsk.fusion.CustomFeatureEvent; proxy of <Swig Object of type 'adsk::core::Ptr< adsk::fusion::CustomFeatureEvent > *' at 0x0000018EE9095B70> >)]}
2022-03-02 08:33:17,552; CustomPocket.decorators; DEBUG; 66; handlerWrapper ; notify method created: PreSelectHandler
2022-03-02 08:33:17,558; CustomPocket.decorators; DEBUG; 103; handlerWrapper ; 
{'CreatePocketCommandCreatedHandler': [HandlerContext(handler=<__main__C%3A%2FUsers%2FDad%2FAppData%2FRoaming%2FAutodesk%2FAutodesk%20Fusion%20360%2FAPI%2FAddIns%2FcustomPocket%2FCustomPocket_py.decorators._Handler; proxy of <Swig Object of type 'adsk::core::CommandEventHandler *' at 0x0000018EE90F9300> >, event=<adsk.core.CommandEvent; proxy of <Swig Object of type 'adsk::core::Ptr< adsk::core::CommandEvent > *' at 0x0000018EE90F9540> >),
                                       HandlerContext(handler=<__main__C%3A%2FUsers%2FDad%2FAppData%2FRoaming%2FAutodesk%2FAutodesk%20Fusion%20360%2FAPI%2FAddIns%2FcustomPocket%2FCustomPocket_py.decorators._Handler; proxy of <Swig Object of type 'adsk::core::CommandEventHandler *' at 0x0000018EE90F94B0> >, event=<adsk.core.CommandEvent; proxy of <Swig Object of type 'adsk::core::Ptr< adsk::core::CommandEvent > *' at 0x0000018EE90F91B0> >),
                                       HandlerContext(handler=<__main__C%3A%2FUsers%2FDad%2FAppData%2FRoaming%2FAutodesk%2FAutodesk%20Fusion%20360%2FAPI%2FAddIns%2FcustomPocket%2FCustomPocket_py.decorators._Handler; proxy of <Swig Object of type 'adsk::core::SelectionEventHandler *' at 0x0000018EE90F9360> >, event=<adsk.core.SelectionEvent; proxy of <Swig Object of type 'adsk::core::Ptr< adsk::core::SelectionEvent > *' at 0x0000018EE90F9120> >)],
 'run': [HandlerContext(handler=<__main__C%3A%2FUsers%2FDad%2FAppData%2FRoaming%2FAutodesk%2FAutodesk%20Fusion%20360%2FAPI%2FAddIns%2FcustomPocket%2FCustomPocket_py.decorators._Handler; proxy of <Swig Object of type 'adsk::core::CommandCreatedEventHandler *' at 0x0000018EE90951E0> >, event=<adsk.core.CommandCreatedEvent; proxy of <Swig Object of type 'adsk::core::Ptr< adsk::core::CommandCreatedEvent > *' at 0x0000018EE9095BD0> >),
         HandlerContext(handler=<__main__C%3A%2FUsers%2FDad%2FAppData%2FRoaming%2FAutodesk%2FAutodesk%20Fusion%20360%2FAPI%2FAddIns%2FcustomPocket%2FCustomPocket_py.decorators._Handler; proxy of <Swig Object of type 'adsk::core::CommandCreatedEventHandler *' at 0x0000018EE9095660> >, event=<adsk.core.CommandCreatedEvent; proxy of <Swig Object of type 'adsk::core::Ptr< adsk::core::CommandCreatedEvent > *' at 0x0000018EE9095A20> >),
         HandlerContext(handler=<__main__C%3A%2FUsers%2FDad%2FAppData%2FRoaming%2FAutodesk%2FAutodesk%20Fusion%20360%2FAPI%2FAddIns%2FcustomPocket%2FCustomPocket_py.decorators._Handler; proxy of <Swig Object of type 'adsk::fusion::CustomFeatureEventHandler *' at 0x0000018EE90F9330> >, event=<adsk.fusion.CustomFeatureEvent; proxy of <Swig Object of type 'adsk::core::Ptr< adsk::fusion::CustomFeatureEvent > *' at 0x0000018EE9095B70> >)]}
2022-03-02 08:33:17,564; CustomPocket.decorators; DEBUG; 66; handlerWrapper ; notify method created: ChangeHandler
2022-03-02 08:33:17,570; CustomPocket.decorators; DEBUG; 103; handlerWrapper ; 
{'CreatePocketCommandCreatedHandler': [HandlerContext(handler=<__main__C%3A%2FUsers%2FDad%2FAppData%2FRoaming%2FAutodesk%2FAutodesk%20Fusion%20360%2FAPI%2FAddIns%2FcustomPocket%2FCustomPocket_py.decorators._Handler; proxy of <Swig Object of type 'adsk::core::CommandEventHandler *' at 0x0000018EE90F9300> >, event=<adsk.core.CommandEvent; proxy of <Swig Object of type 'adsk::core::Ptr< adsk::core::CommandEvent > *' at 0x0000018EE90F9540> >),
                                       HandlerContext(handler=<__main__C%3A%2FUsers%2FDad%2FAppData%2FRoaming%2FAutodesk%2FAutodesk%20Fusion%20360%2FAPI%2FAddIns%2FcustomPocket%2FCustomPocket_py.decorators._Handler; proxy of <Swig Object of type 'adsk::core::CommandEventHandler *' at 0x0000018EE90F94B0> >, event=<adsk.core.CommandEvent; proxy of <Swig Object of type 'adsk::core::Ptr< adsk::core::CommandEvent > *' at 0x0000018EE90F91B0> >),
                                       HandlerContext(handler=<__main__C%3A%2FUsers%2FDad%2FAppData%2FRoaming%2FAutodesk%2FAutodesk%20Fusion%20360%2FAPI%2FAddIns%2FcustomPocket%2FCustomPocket_py.decorators._Handler; proxy of <Swig Object of type 'adsk::core::SelectionEventHandler *' at 0x0000018EE90F9360> >, event=<adsk.core.SelectionEvent; proxy of <Swig Object of type 'adsk::core::Ptr< adsk::core::SelectionEvent > *' at 0x0000018EE90F9120> >),
                                       HandlerContext(handler=<__main__C%3A%2FUsers%2FDad%2FAppData%2FRoaming%2FAutodesk%2FAutodesk%20Fusion%20360%2FAPI%2FAddIns%2FcustomPocket%2FCustomPocket_py.decorators._Handler; proxy of <Swig Object of type 'adsk::core::InputChangedEventHandler *' at 0x0000018EEA6AB7B0> >, event=<adsk.core.InputChangedEvent; proxy of <Swig Object of type 'adsk::core::Ptr< adsk::core::InputChangedEvent > *' at 0x0000018EE90F9B40> >)],
 'run': [HandlerContext(handler=<__main__C%3A%2FUsers%2FDad%2FAppData%2FRoaming%2FAutodesk%2FAutodesk%20Fusion%20360%2FAPI%2FAddIns%2FcustomPocket%2FCustomPocket_py.decorators._Handler; proxy of <Swig Object of type 'adsk::core::CommandCreatedEventHandler *' at 0x0000018EE90951E0> >, event=<adsk.core.CommandCreatedEvent; proxy of <Swig Object of type 'adsk::core::Ptr< adsk::core::CommandCreatedEvent > *' at 0x0000018EE9095BD0> >),
         HandlerContext(handler=<__main__C%3A%2FUsers%2FDad%2FAppData%2FRoaming%2FAutodesk%2FAutodesk%20Fusion%20360%2FAPI%2FAddIns%2FcustomPocket%2FCustomPocket_py.decorators._Handler; proxy of <Swig Object of type 'adsk::core::CommandCreatedEventHandler *' at 0x0000018EE9095660> >, event=<adsk.core.CommandCreatedEvent; proxy of <Swig Object of type 'adsk::core::Ptr< adsk::core::CommandCreatedEvent > *' at 0x0000018EE9095A20> >),
         HandlerContext(handler=<__main__C%3A%2FUsers%2FDad%2FAppData%2FRoaming%2FAutodesk%2FAutodesk%20Fusion%20360%2FAPI%2FAddIns%2FcustomPocket%2FCustomPocket_py.decorators._Handler; proxy of <Swig Object of type 'adsk::fusion::CustomFeatureEventHandler *' at 0x0000018EE90F9330> >, event=<adsk.fusion.CustomFeatureEvent; proxy of <Swig Object of type 'adsk::core::Ptr< adsk::fusion::CustomFeatureEvent > *' at 0x0000018EE9095B70> >)]}
2022-03-02 08:33:17,576; CustomPocket.decorators; DEBUG; 66; handlerWrapper ; notify method created: ValidateInputsHandler
2022-03-02 08:33:17,582; CustomPocket.decorators; DEBUG; 103; handlerWrapper ; 
{'CreatePocketCommandCreatedHandler': [HandlerContext(handler=<__main__C%3A%2FUsers%2FDad%2FAppData%2FRoaming%2FAutodesk%2FAutodesk%20Fusion%20360%2FAPI%2FAddIns%2FcustomPocket%2FCustomPocket_py.decorators._Handler; proxy of <Swig Object of type 'adsk::core::CommandEventHandler *' at 0x0000018EE90F9300> >, event=<adsk.core.CommandEvent; proxy of <Swig Object of type 'adsk::core::Ptr< adsk::core::CommandEvent > *' at 0x0000018EE90F9540> >),
                                       HandlerContext(handler=<__main__C%3A%2FUsers%2FDad%2FAppData%2FRoaming%2FAutodesk%2FAutodesk%20Fusion%20360%2FAPI%2FAddIns%2FcustomPocket%2FCustomPocket_py.decorators._Handler; proxy of <Swig Object of type 'adsk::core::CommandEventHandler *' at 0x0000018EE90F94B0> >, event=<adsk.core.CommandEvent; proxy of <Swig Object of type 'adsk::core::Ptr< adsk::core::CommandEvent > *' at 0x0000018EE90F91B0> >),
                                       HandlerContext(handler=<__main__C%3A%2FUsers%2FDad%2FAppData%2FRoaming%2FAutodesk%2FAutodesk%20Fusion%20360%2FAPI%2FAddIns%2FcustomPocket%2FCustomPocket_py.decorators._Handler; proxy of <Swig Object of type 'adsk::core::SelectionEventHandler *' at 0x0000018EE90F9360> >, event=<adsk.core.SelectionEvent; proxy of <Swig Object of type 'adsk::core::Ptr< adsk::core::SelectionEvent > *' at 0x0000018EE90F9120> >),
                                       HandlerContext(handler=<__main__C%3A%2FUsers%2FDad%2FAppData%2FRoaming%2FAutodesk%2FAutodesk%20Fusion%20360%2FAPI%2FAddIns%2FcustomPocket%2FCustomPocket_py.decorators._Handler; proxy of <Swig Object of type 'adsk::core::InputChangedEventHandler *' at 0x0000018EEA6AB7B0> >, event=<adsk.core.InputChangedEvent; proxy of <Swig Object of type 'adsk::core::Ptr< adsk::core::InputChangedEvent > *' at 0x0000018EE90F9B40> >),
                                       HandlerContext(handler=<__main__C%3A%2FUsers%2FDad%2FAppData%2FRoaming%2FAutodesk%2FAutodesk%20Fusion%20360%2FAPI%2FAddIns%2FcustomPocket%2FCustomPocket_py.decorators._Handler; proxy of <Swig Object of type 'adsk::core::ValidateInputsEventHandler *' at 0x0000018EEA6ABB70> >, event=<adsk.core.ValidateInputsEvent; proxy of <Swig Object of type 'adsk::core::Ptr< adsk::core::ValidateInputsEvent > *' at 0x0000018EEA6AB960> >)],
 'run': [HandlerContext(handler=<__main__C%3A%2FUsers%2FDad%2FAppData%2FRoaming%2FAutodesk%2FAutodesk%20Fusion%20360%2FAPI%2FAddIns%2FcustomPocket%2FCustomPocket_py.decorators._Handler; proxy of <Swig Object of type 'adsk::core::CommandCreatedEventHandler *' at 0x0000018EE90951E0> >, event=<adsk.core.CommandCreatedEvent; proxy of <Swig Object of type 'adsk::core::Ptr< adsk::core::CommandCreatedEvent > *' at 0x0000018EE9095BD0> >),
         HandlerContext(handler=<__main__C%3A%2FUsers%2FDad%2FAppData%2FRoaming%2FAutodesk%2FAutodesk%20Fusion%20360%2FAPI%2FAddIns%2FcustomPocket%2FCustomPocket_py.decorators._Handler; proxy of <Swig Object of type 'adsk::core::CommandCreatedEventHandler *' at 0x0000018EE9095660> >, event=<adsk.core.CommandCreatedEvent; proxy of <Swig Object of type 'adsk::core::Ptr< adsk::core::CommandCreatedEvent > *' at 0x0000018EE9095A20> >),
         HandlerContext(handler=<__main__C%3A%2FUsers%2FDad%2FAppData%2FRoaming%2FAutodesk%2FAutodesk%20Fusion%20360%2FAPI%2FAddIns%2FcustomPocket%2FCustomPocket_py.decorators._Handler; proxy of <Swig Object of type 'adsk::fusion::CustomFeatureEventHandler *' at 0x0000018EE90F9330> >, event=<adsk.fusion.CustomFeatureEvent; proxy of <Swig Object of type 'adsk::core::Ptr< adsk::fusion::CustomFeatureEvent > *' at 0x0000018EE9095B70> >)]}
2022-03-02 08:33:18,346; CustomPocket.decorators; DEBUG; 89; notify ; PreSelectHandler handler notified: PreSelectionEvent
2022-03-02 08:33:18,352; CustomPocket.decorators; DEBUG; 90; notify ; self._disabled = False 
2022-03-02 08:33:18,364; CustomPocket.decorators; DEBUG; 89; notify ; PreSelectHandler handler notified: PreSelectionEvent
2022-03-02 08:33:18,370; CustomPocket.decorators; DEBUG; 90; notify ; self._disabled = False 
2022-03-02 08:33:18,484; CustomPocket.decorators; DEBUG; 89; notify ; PreSelectHandler handler notified: PreSelectionEvent
2022-03-02 08:33:18,496; CustomPocket.decorators; DEBUG; 90; notify ; self._disabled = False 
2022-03-02 08:33:18,508; CustomPocket.decorators; DEBUG; 89; notify ; PreSelectHandler handler notified: PreSelectionEvent
2022-03-02 08:33:18,514; CustomPocket.decorators; DEBUG; 90; notify ; self._disabled = False 
2022-03-02 08:33:18,534; CustomPocket.decorators; DEBUG; 89; notify ; PreSelectHandler handler notified: PreSelectionEvent
2022-03-02 08:33:18,540; CustomPocket.decorators; DEBUG; 90; notify ; self._disabled = False 
2022-03-02 08:33:18,552; CustomPocket.decorators; DEBUG; 89; notify ; PreSelectHandler handler notified: PreSelectionEvent
2022-03-02 08:33:18,558; CustomPocket.decorators; DEBUG; 90; notify ; self._disabled = False 
2022-03-02 08:33:18,570; CustomPocket.decorators; DEBUG; 89; notify ; PreSelectHandler handler notified: PreSelectionEvent
2022-03-02 08:33:18,576; CustomPocket.decorators; DEBUG; 90; notify ; self._disabled = False 
2022-03-02 08:33:18,588; CustomPocket.decorators; DEBUG; 89; notify ; PreSelectHandler handler notified: PreSelectionEvent
2022-03-02 08:33:18,594; CustomPocket.decorators; DEBUG; 90; notify ; self._disabled = False 
2022-03-02 08:33:18,878; CustomPocket.decorators; DEBUG; 89; notify ; PreSelectHandler handler notified: PreSelectionEvent
2022-03-02 08:33:18,884; CustomPocket.decorators; DEBUG; 90; notify ; self._disabled = False 
2022-03-02 08:33:18,896; CustomPocket.decorators; DEBUG; 89; notify ; PreSelectHandler handler notified: PreSelectionEvent
2022-03-02 08:33:18,902; CustomPocket.decorators; DEBUG; 90; notify ; self._disabled = False 
2022-03-02 08:33:18,922; CustomPocket.decorators; DEBUG; 89; notify ; PreSelectHandler handler notified: PreSelectionEvent
2022-03-02 08:33:18,928; CustomPocket.decorators; DEBUG; 90; notify ; self._disabled = False 
2022-03-02 08:33:18,940; CustomPocket.decorators; DEBUG; 89; notify ; PreSelectHandler handler notified: PreSelectionEvent
2022-03-02 08:33:18,946; CustomPocket.decorators; DEBUG; 90; notify ; self._disabled = False 
2022-03-02 08:33:18,960; CustomPocket.decorators; DEBUG; 89; notify ; PreSelectHandler handler notified: PreSelectionEvent
2022-03-02 08:33:18,966; CustomPocket.decorators; DEBUG; 90; notify ; self._disabled = False 
2022-03-02 08:33:18,978; CustomPocket.decorators; DEBUG; 89; notify ; PreSelectHandler handler notified: PreSelectionEvent
2022-03-02 08:33:18,984; CustomPocket.decorators; DEBUG; 90; notify ; self._disabled = False 
2022-03-02 08:33:18,997; CustomPocket.decorators; DEBUG; 89; notify ; PreSelectHandler handler notified: PreSelectionEvent
2022-03-02 08:33:19,003; CustomPocket.decorators; DEBUG; 90; notify ; self._disabled = False 
2022-03-02 08:33:19,015; CustomPocket.decorators; DEBUG; 89; notify ; PreSelectHandler handler notified: PreSelectionEvent
2022-03-02 08:33:19,021; CustomPocket.decorators; DEBUG; 90; notify ; self._disabled = False 
2022-03-02 08:33:19,230; CustomPocket.decorators; DEBUG; 89; notify ; PreSelectHandler handler notified: PreSelectionEvent
2022-03-02 08:33:19,236; CustomPocket.decorators; DEBUG; 90; notify ; self._disabled = False 
2022-03-02 08:33:19,248; CustomPocket.decorators; DEBUG; 89; notify ; PreSelectHandler handler notified: PreSelectionEvent
2022-03-02 08:33:19,254; CustomPocket.decorators; DEBUG; 90; notify ; self._disabled = False 
2022-03-02 08:33:19,535; CustomPocket.decorators; DEBUG; 89; notify ; PreSelectHandler handler notified: PreSelectionEvent
2022-03-02 08:33:19,541; CustomPocket.decorators; DEBUG; 90; notify ; self._disabled = False 
2022-03-02 08:33:19,554; CustomPocket.decorators; DEBUG; 89; notify ; ChangeHandler handler notified: InputValueChanged
2022-03-02 08:33:19,560; CustomPocket.decorators; DEBUG; 90; notify ; self._disabled = False 
2022-03-02 08:33:19,572; CustomPocket.decorators; DEBUG; 89; notify ; ValidateInputsHandler handler notified: AreInputsValid
2022-03-02 08:33:19,578; CustomPocket.decorators; DEBUG; 90; notify ; self._disabled = False 
2022-03-02 08:33:19,590; CustomPocket.decorators; DEBUG; 89; notify ; ExecutePreviewHandler handler notified: OnExecutePreview
2022-03-02 08:33:19,596; CustomPocket.decorators; DEBUG; 90; notify ; self._disabled = False 
2022-03-02 08:33:19,706; CustomPocket.decorators; DEBUG; 89; notify ; ValidateInputsHandler handler notified: AreInputsValid
2022-03-02 08:33:19,712; CustomPocket.decorators; DEBUG; 90; notify ; self._disabled = False 
2022-03-02 08:33:19,725; CustomPocket.decorators; DEBUG; 89; notify ; ValidateInputsHandler handler notified: AreInputsValid
2022-03-02 08:33:19,731; CustomPocket.decorators; DEBUG; 90; notify ; self._disabled = False 
2022-03-02 08:33:20,755; CustomPocket.decorators; DEBUG; 89; notify ; ValidateInputsHandler handler notified: AreInputsValid
2022-03-02 08:33:20,761; CustomPocket.decorators; DEBUG; 90; notify ; self._disabled = False 
2022-03-02 08:33:20,773; CustomPocket.decorators; DEBUG; 89; notify ; ValidateInputsHandler handler notified: AreInputsValid
2022-03-02 08:33:20,779; CustomPocket.decorators; DEBUG; 90; notify ; self._disabled = False 
2022-03-02 08:33:20,805; CustomPocket.decorators; DEBUG; 89; notify ; ValidateInputsHandler handler notified: AreInputsValid
2022-03-02 08:33:20,811; CustomPocket.decorators; DEBUG; 90; notify ; self._disabled = False 
2022-03-02 08:33:20,829; CustomPocket.decorators; DEBUG; 89; notify ; CreateExecuteHandler handler notified: OnExecute
2022-03-02 08:33:20,841; CustomPocket.decorators; DEBUG; 90; notify ; self._disabled = False 
2022-03-02 08:33:20,906; CustomPocket.decorators; DEBUG; 89; notify ; ComputeCustomFeature handler notified: customFeatureCompute
2022-03-02 08:33:20,912; CustomPocket.decorators; DEBUG; 90; notify ; self._disabled = True 
2022-03-02 08:33:20,918; CustomPocket.decorators; DEBUG; 92; notify ; ComputeCustomFeature handler disabled activated
2022-03-02 08:33:20,947; CustomPocket.decorators; DEBUG; 89; notify ; ComputeCustomFeature handler notified: customFeatureCompute
2022-03-02 08:33:20,953; CustomPocket.decorators; DEBUG; 90; notify ; self._disabled = True 
2022-03-02 08:33:20,958; CustomPocket.decorators; DEBUG; 92; notify ; ComputeCustomFeature handler disabled activated
2022-03-02 12:00:56,445; CustomPocket.decorators; DEBUG; 89; notify ; ComputeCustomFeature handler notified: customFeatureCompute
2022-03-02 12:00:56,451; CustomPocket.decorators; DEBUG; 90; notify ; self._disabled = False 
2022-03-02 12:01:39,542; CustomPocket.decorators; DEBUG; 89; notify ; ComputeCustomFeature handler notified: customFeatureCompute
2022-03-02 12:01:39,560; CustomPocket.decorators; DEBUG; 90; notify ; self._disabled = False 
2022-03-02 12:02:15,858; CustomPocket.decorators; DEBUG; 89; notify ; ComputeCustomFeature handler notified: customFeatureCompute
2022-03-02 12:02:15,864; CustomPocket.decorators; DEBUG; 90; notify ; self._disabled = False 
2022-03-02 12:03:49,602; CustomPocket.decorators; DEBUG; 89; notify ; ComputeCustomFeature handler notified: customFeatureCompute
2022-03-02 12:03:49,608; CustomPocket.decorators; DEBUG; 90; notify ; self._disabled = False 
2022-03-02 12:05:19,214; CustomPocket.decorators; DEBUG; 89; notify ; ComputeCustomFeature handler notified: customFeatureCompute
2022-03-02 12:05:19,220; CustomPocket.decorators; DEBUG; 90; notify ; self._disabled = False 
2022-03-02 12:08:48,184; CustomPocket.decorators; DEBUG; 89; notify ; ComputeCustomFeature handler notified: customFeatureCompute
2022-03-02 12:08:48,190; CustomPocket.decorators; DEBUG; 90; notify ; self._disabled = False 
